<?xml version="1.0" encoding="UTF-8"?>
<testng-results ignored="0" total="1" passed="1" failed="0" skipped="0">
  <reporter-output>
  </reporter-output>
  <suite started-at="2026-06-11T22:10:54 IST" name="Default suite" finished-at="2026-06-11T22:11:08 IST" duration-ms="14466">
    <groups>
    </groups>
    <test started-at="2026-06-11T22:10:54 IST" name="Default test" finished-at="2026-06-11T22:11:08 IST" duration-ms="14466">
      <class name="base.BaseTest">
        <test-method is-config="true" signature="setupReport()[pri:0, instance:base.BaseTest@6aba2b86]" started-at="2026-06-11T22:10:54 IST" name="setupReport" finished-at="2026-06-11T22:10:54 IST" duration-ms="140" status="PASS">
          <reporter-output>
          </reporter-output>
        </test-method> <!-- setupReport -->
        <test-method is-config="true" signature="flushReport()[pri:0, instance:base.BaseTest@6aba2b86]" started-at="2026-06-11T22:11:08 IST" name="flushReport" finished-at="2026-06-11T22:11:09 IST" duration-ms="641" status="PASS">
          <reporter-output>
          </reporter-output>
        </test-method> <!-- flushReport -->
      </class> <!-- base.BaseTest -->
      <class name="tests.GUIElementsTest">
        <test-method is-config="true" signature="setup()[pri:0, instance:tests.GUIElementsTest@4466af20]" started-at="2026-06-11T22:10:54 IST" name="setup" finished-at="2026-06-11T22:11:03 IST" duration-ms="8887" status="PASS">
          <reporter-output>
          </reporter-output>
        </test-method> <!-- setup -->
        <test-method signature="automateGUIElements()[pri:0, instance:tests.GUIElementsTest@4466af20]" started-at="2026-06-11T22:11:03 IST" name="automateGUIElements" finished-at="2026-06-11T22:11:08 IST" duration-ms="5339" status="PASS">
          <reporter-output>
          </reporter-output>
        </test-method> <!-- automateGUIElements -->
        <test-method is-config="true" signature="tearDown()[pri:0, instance:tests.GUIElementsTest@4466af20]" started-at="2026-06-11T22:11:08 IST" name="tearDown" finished-at="2026-06-11T22:11:08 IST" duration-ms="214" status="PASS">
          <reporter-output>
          </reporter-output>
        </test-method> <!-- tearDown -->
      </class> <!-- tests.GUIElementsTest -->
    </test> <!-- Default test -->
  </suite> <!-- Default suite -->
</testng-results>
