<?xml version="1.0" encoding="UTF-8"?>
<testng-results ignored="0" total="1" passed="1" failed="0" skipped="0">
  <reporter-output>
  </reporter-output>
  <suite started-at="2026-06-14T15:29:51 IST" name="Testing GUI" finished-at="2026-06-14T15:30:02 IST" duration-ms="11864">
    <groups>
    </groups>
    <test started-at="2026-06-14T15:29:51 IST" name="GUI Tests" finished-at="2026-06-14T15:30:02 IST" duration-ms="11864">
      <class name="tests.GUIElementsTest">
        <test-method is-config="true" signature="setupReport()[pri:0, instance:tests.GUIElementsTest@1a75e76a]" started-at="2026-06-14T15:29:51 IST" name="setupReport" finished-at="2026-06-14T15:29:51 IST" duration-ms="9" status="PASS">
          <reporter-output>
          </reporter-output>
        </test-method> <!-- setupReport -->
        <test-method is-config="true" signature="setup()[pri:0, instance:tests.GUIElementsTest@1a75e76a]" started-at="2026-06-14T15:29:51 IST" name="setup" finished-at="2026-06-14T15:29:57 IST" duration-ms="6742" status="PASS">
          <reporter-output>
          </reporter-output>
        </test-method> <!-- setup -->
        <test-method signature="automateGUIElements()[pri:0, instance:tests.GUIElementsTest@1a75e76a]" started-at="2026-06-14T15:29:57 IST" name="automateGUIElements" finished-at="2026-06-14T15:30:02 IST" duration-ms="4906" status="PASS">
          <reporter-output>
          </reporter-output>
        </test-method> <!-- automateGUIElements -->
        <test-method is-config="true" signature="tearDown()[pri:0, instance:tests.GUIElementsTest@1a75e76a]" started-at="2026-06-14T15:30:02 IST" name="tearDown" finished-at="2026-06-14T15:30:02 IST" duration-ms="188" status="PASS">
          <reporter-output>
          </reporter-output>
        </test-method> <!-- tearDown -->
        <test-method is-config="true" signature="flushReport()[pri:0, instance:tests.GUIElementsTest@1a75e76a]" started-at="2026-06-14T15:30:03 IST" name="flushReport" finished-at="2026-06-14T15:30:03 IST" duration-ms="8" status="PASS">
          <reporter-output>
          </reporter-output>
        </test-method> <!-- flushReport -->
      </class> <!-- tests.GUIElementsTest -->
    </test> <!-- GUI Tests -->
  </suite> <!-- Testing GUI -->
</testng-results>
